{"D:\\carlo\\Develops\\Node.js\\incide_server\\src\\app.js": {"path":"D:\\carlo\\Develops\\Node.js\\incide_server\\src\\app.js","statementMap":{"0":{"start":{"line":15,"column":12},"end":{"line":15,"column":21}},"1":{"start":{"line":18,"column":0},"end":{"line":18,"column":18}},"2":{"start":{"line":21,"column":0},"end":{"line":21,"column":27}},"3":{"start":{"line":24,"column":0},"end":{"line":24,"column":24}},"4":{"start":{"line":27,"column":0},"end":{"line":40,"column":2}},"5":{"start":{"line":43,"column":0},"end":{"line":43,"column":23}},"6":{"start":{"line":46,"column":0},"end":{"line":46,"column":62}},"7":{"start":{"line":49,"column":0},"end":{"line":51,"column":3}},"8":{"start":{"line":50,"column":2},"end":{"line":50,"column":67}},"9":{"start":{"line":54,"column":19},"end":{"line":54,"column":28}},"10":{"start":{"line":56,"column":0},"end":{"line":56,"column":42}},"11":{"start":{"line":57,"column":0},"end":{"line":57,"column":47}},"12":{"start":{"line":58,"column":0},"end":{"line":58,"column":43}},"13":{"start":{"line":61,"column":0},"end":{"line":61,"column":22}}},"fnMap":{"0":{"name":"(anonymous_0)","decl":{"start":{"line":49,"column":19},"end":{"line":49,"column":20}},"loc":{"start":{"line":49,"column":33},"end":{"line":51,"column":1}},"line":49}},"branchMap":{},"s":{"0":3,"1":3,"2":3,"3":3,"4":3,"5":3,"6":3,"7":3,"8":1,"9":3,"10":3,"11":3,"12":3,"13":3},"f":{"0":1},"b":{},"inputSourceMap":null,"_coverageSchema":"1a1c01bbd47fc00a2c39e90264f33305004495a9","hash":"1f9752108ef5a4bbf4b5e19c843325a5b983ee2d"}
,"D:\\carlo\\Develops\\Node.js\\incide_server\\src\\config\\config.js": {"path":"D:\\carlo\\Develops\\Node.js\\incide_server\\src\\config\\config.js","statementMap":{"0":{"start":{"line":1,"column":22},"end":{"line":42,"column":1}}},"fnMap":{},"branchMap":{"0":{"loc":{"start":{"line":15,"column":10},"end":{"line":15,"column":34}},"type":"binary-expr","locations":[{"start":{"line":15,"column":10},"end":{"line":15,"column":26}},{"start":{"line":15,"column":30},"end":{"line":15,"column":34}}],"line":15},"1":{"loc":{"start":{"line":23,"column":19},"end":{"line":23,"column":53}},"type":"binary-expr","locations":[{"start":{"line":23,"column":19},"end":{"line":23,"column":45}},{"start":{"line":23,"column":49},"end":{"line":23,"column":53}}],"line":23}},"s":{"0":3},"f":{},"b":{"0":[3,3],"1":[3,3]},"inputSourceMap":null,"_coverageSchema":"1a1c01bbd47fc00a2c39e90264f33305004495a9","hash":"25fbfdfa948998287da2b032d7ae42a0ab2e4b05"}
,"D:\\carlo\\Develops\\Node.js\\incide_server\\src\\config\\db.js": {"path":"D:\\carlo\\Develops\\Node.js\\incide_server\\src\\config\\db.js","statementMap":{"0":{"start":{"line":4,"column":13},"end":{"line":12,"column":2}}},"fnMap":{},"branchMap":{},"s":{"0":3},"f":{},"b":{},"inputSourceMap":null,"_coverageSchema":"1a1c01bbd47fc00a2c39e90264f33305004495a9","hash":"5532cee105a560281220ecd2001bb037d83f1805"}
,"D:\\carlo\\Develops\\Node.js\\incide_server\\src\\config\\swagger.js": {"path":"D:\\carlo\\Develops\\Node.js\\incide_server\\src\\config\\swagger.js","statementMap":{"0":{"start":{"line":4,"column":16},"end":{"line":37,"column":1}},"1":{"start":{"line":39,"column":14},"end":{"line":39,"column":35}}},"fnMap":{},"branchMap":{},"s":{"0":3,"1":3},"f":{},"b":{},"inputSourceMap":null,"_coverageSchema":"1a1c01bbd47fc00a2c39e90264f33305004495a9","hash":"21989a964a32109e9e7b4790621915f616268668"}
,"D:\\carlo\\Develops\\Node.js\\incide_server\\src\\core\\base.model.js": {"path":"D:\\carlo\\Develops\\Node.js\\incide_server\\src\\core\\base.model.js","statementMap":{"0":{"start":{"line":8,"column":4},"end":{"line":8,"column":40}},"1":{"start":{"line":9,"column":4},"end":{"line":9,"column":21}},"2":{"start":{"line":13,"column":25},"end":{"line":13,"column":41}},"3":{"start":{"line":14,"column":4},"end":{"line":14,"column":46}},"4":{"start":{"line":14,"column":34},"end":{"line":14,"column":46}},"5":{"start":{"line":16,"column":21},"end":{"line":16,"column":23}},"6":{"start":{"line":19,"column":4},"end":{"line":23,"column":7}},"7":{"start":{"line":20,"column":6},"end":{"line":22,"column":7}},"8":{"start":{"line":21,"column":8},"end":{"line":21,"column":30}},"9":{"start":{"line":24,"column":4},"end":{"line":24,"column":20}},"10":{"start":{"line":28,"column":23},"end":{"line":28,"column":39}},"11":{"start":{"line":29,"column":4},"end":{"line":29,"column":68}},"12":{"start":{"line":29,"column":56},"end":{"line":29,"column":68}},"13":{"start":{"line":33,"column":4},"end":{"line":37,"column":7}},"14":{"start":{"line":34,"column":22},"end":{"line":34,"column":33}},"15":{"start":{"line":35,"column":6},"end":{"line":35,"column":55}},"16":{"start":{"line":35,"column":32},"end":{"line":35,"column":53}},"17":{"start":{"line":36,"column":6},"end":{"line":36,"column":21}},"18":{"start":{"line":41,"column":16},"end":{"line":41,"column":45}},"19":{"start":{"line":42,"column":21},"end":{"line":42,"column":42}},"20":{"start":{"line":44,"column":4},"end":{"line":44,"column":32}},"21":{"start":{"line":48,"column":16},"end":{"line":48,"column":58}},"22":{"start":{"line":49,"column":21},"end":{"line":49,"column":48}},"23":{"start":{"line":51,"column":19},"end":{"line":51,"column":39}},"24":{"start":{"line":52,"column":4},"end":{"line":52,"column":29}},"25":{"start":{"line":56,"column":21},"end":{"line":56,"column":42}},"26":{"start":{"line":57,"column":20},"end":{"line":57,"column":52}},"27":{"start":{"line":58,"column":25},"end":{"line":60,"column":17}},"28":{"start":{"line":59,"column":17},"end":{"line":59,"column":20}},"29":{"start":{"line":61,"column":19},"end":{"line":61,"column":42}},"30":{"start":{"line":63,"column":16},"end":{"line":66,"column":5}},"31":{"start":{"line":68,"column":21},"end":{"line":68,"column":52}},"32":{"start":{"line":69,"column":4},"end":{"line":69,"column":44}},"33":{"start":{"line":73,"column":21},"end":{"line":73,"column":42}},"34":{"start":{"line":74,"column":4},"end":{"line":74,"column":56}},"35":{"start":{"line":74,"column":44},"end":{"line":74,"column":56}},"36":{"start":{"line":76,"column":19},"end":{"line":78,"column":18}},"37":{"start":{"line":77,"column":22},"end":{"line":77,"column":34}},"38":{"start":{"line":79,"column":19},"end":{"line":79,"column":42}},"39":{"start":{"line":81,"column":16},"end":{"line":85,"column":7}},"40":{"start":{"line":87,"column":4},"end":{"line":87,"column":45}},"41":{"start":{"line":89,"column":4},"end":{"line":89,"column":25}},"42":{"start":{"line":93,"column":16},"end":{"line":93,"column":56}},"43":{"start":{"line":94,"column":4},"end":{"line":94,"column":32}},"44":{"start":{"line":95,"column":4},"end":{"line":95,"column":11}}},"fnMap":{"0":{"name":"(anonymous_0)","decl":{"start":{"line":7,"column":2},"end":{"line":7,"column":3}},"loc":{"start":{"line":7,"column":16},"end":{"line":10,"column":3}},"line":7},"1":{"name":"(anonymous_1)","decl":{"start":{"line":12,"column":2},"end":{"line":12,"column":3}},"loc":{"start":{"line":12,"column":19},"end":{"line":25,"column":3}},"line":12},"2":{"name":"(anonymous_2)","decl":{"start":{"line":19,"column":33},"end":{"line":19,"column":34}},"loc":{"start":{"line":19,"column":51},"end":{"line":23,"column":5}},"line":19},"3":{"name":"(anonymous_3)","decl":{"start":{"line":27,"column":2},"end":{"line":27,"column":3}},"loc":{"start":{"line":27,"column":16},"end":{"line":38,"column":3}},"line":27},"4":{"name":"(anonymous_4)","decl":{"start":{"line":33,"column":20},"end":{"line":33,"column":21}},"loc":{"start":{"line":33,"column":30},"end":{"line":37,"column":5}},"line":33},"5":{"name":"(anonymous_5)","decl":{"start":{"line":35,"column":21},"end":{"line":35,"column":22}},"loc":{"start":{"line":35,"column":32},"end":{"line":35,"column":53}},"line":35},"6":{"name":"(anonymous_6)","decl":{"start":{"line":40,"column":2},"end":{"line":40,"column":3}},"loc":{"start":{"line":40,"column":14},"end":{"line":45,"column":3}},"line":40},"7":{"name":"(anonymous_7)","decl":{"start":{"line":47,"column":2},"end":{"line":47,"column":3}},"loc":{"start":{"line":47,"column":17},"end":{"line":53,"column":3}},"line":47},"8":{"name":"(anonymous_8)","decl":{"start":{"line":55,"column":2},"end":{"line":55,"column":3}},"loc":{"start":{"line":55,"column":21},"end":{"line":70,"column":3}},"line":55},"9":{"name":"(anonymous_9)","decl":{"start":{"line":59,"column":11},"end":{"line":59,"column":12}},"loc":{"start":{"line":59,"column":17},"end":{"line":59,"column":20}},"line":59},"10":{"name":"(anonymous_10)","decl":{"start":{"line":72,"column":2},"end":{"line":72,"column":3}},"loc":{"start":{"line":72,"column":25},"end":{"line":90,"column":3}},"line":72},"11":{"name":"(anonymous_11)","decl":{"start":{"line":77,"column":11},"end":{"line":77,"column":12}},"loc":{"start":{"line":77,"column":22},"end":{"line":77,"column":34}},"line":77},"12":{"name":"(anonymous_12)","decl":{"start":{"line":92,"column":2},"end":{"line":92,"column":3}},"loc":{"start":{"line":92,"column":19},"end":{"line":96,"column":3}},"line":92}},"branchMap":{"0":{"loc":{"start":{"line":14,"column":4},"end":{"line":14,"column":46}},"type":"if","locations":[{"start":{"line":14,"column":4},"end":{"line":14,"column":46}},{"start":{},"end":{}}],"line":14},"1":{"loc":{"start":{"line":20,"column":6},"end":{"line":22,"column":7}},"type":"if","locations":[{"start":{"line":20,"column":6},"end":{"line":22,"column":7}},{"start":{},"end":{}}],"line":20},"2":{"loc":{"start":{"line":29,"column":4},"end":{"line":29,"column":68}},"type":"if","locations":[{"start":{"line":29,"column":4},"end":{"line":29,"column":68}},{"start":{},"end":{}}],"line":29},"3":{"loc":{"start":{"line":29,"column":8},"end":{"line":29,"column":54}},"type":"binary-expr","locations":[{"start":{"line":29,"column":8},"end":{"line":29,"column":30}},{"start":{"line":29,"column":34},"end":{"line":29,"column":54}}],"line":29},"4":{"loc":{"start":{"line":52,"column":11},"end":{"line":52,"column":28}},"type":"binary-expr","locations":[{"start":{"line":52,"column":11},"end":{"line":52,"column":20}},{"start":{"line":52,"column":24},"end":{"line":52,"column":28}}],"line":52},"5":{"loc":{"start":{"line":74,"column":4},"end":{"line":74,"column":56}},"type":"if","locations":[{"start":{"line":74,"column":4},"end":{"line":74,"column":56}},{"start":{},"end":{}}],"line":74}},"s":{"0":12,"1":12,"2":3,"3":3,"4":0,"5":3,"6":3,"7":8,"8":8,"9":3,"10":12,"11":12,"12":0,"13":12,"14":10,"15":10,"16":14,"17":10,"18":1,"19":1,"20":1,"21":5,"22":5,"23":5,"24":5,"25":2,"26":2,"27":2,"28":7,"29":2,"30":2,"31":2,"32":2,"33":1,"34":1,"35":0,"36":1,"37":1,"38":1,"39":1,"40":1,"41":1,"42":2,"43":2,"44":2},"f":{"0":12,"1":3,"2":8,"3":12,"4":10,"5":14,"6":1,"7":5,"8":2,"9":7,"10":1,"11":1,"12":2},"b":{"0":[0,3],"1":[8,0],"2":[0,12],"3":[12,12],"4":[5,0],"5":[0,1]},"inputSourceMap":null,"_coverageSchema":"1a1c01bbd47fc00a2c39e90264f33305004495a9","hash":"7b5b5c2472364fd6207c14be20a945c3b6f23dba"}
,"D:\\carlo\\Develops\\Node.js\\incide_server\\src\\middlewares\\auth.middleware.js": {"path":"D:\\carlo\\Develops\\Node.js\\incide_server\\src\\middlewares\\auth.middleware.js","statementMap":{"0":{"start":{"line":5,"column":30},"end":{"line":25,"column":1}},"1":{"start":{"line":6,"column":21},"end":{"line":6,"column":46}},"2":{"start":{"line":8,"column":2},"end":{"line":8,"column":80}},"3":{"start":{"line":8,"column":19},"end":{"line":8,"column":80}},"4":{"start":{"line":11,"column":16},"end":{"line":11,"column":40}},"5":{"start":{"line":13,"column":2},"end":{"line":24,"column":3}},"6":{"start":{"line":14,"column":20},"end":{"line":14,"column":64}},"7":{"start":{"line":20,"column":4},"end":{"line":20,"column":61}},"8":{"start":{"line":21,"column":4},"end":{"line":21,"column":11}},"9":{"start":{"line":23,"column":4},"end":{"line":23,"column":74}}},"fnMap":{"0":{"name":"(anonymous_0)","decl":{"start":{"line":5,"column":30},"end":{"line":5,"column":31}},"loc":{"start":{"line":5,"column":50},"end":{"line":25,"column":1}},"line":5}},"branchMap":{"0":{"loc":{"start":{"line":8,"column":2},"end":{"line":8,"column":80}},"type":"if","locations":[{"start":{"line":8,"column":2},"end":{"line":8,"column":80}},{"start":{},"end":{}}],"line":8}},"s":{"0":3,"1":10,"2":10,"3":0,"4":10,"5":10,"6":10,"7":10,"8":10,"9":0},"f":{"0":10},"b":{"0":[0,10]},"inputSourceMap":null,"_coverageSchema":"1a1c01bbd47fc00a2c39e90264f33305004495a9","hash":"d2b83eca1adfffe502d9378abe4e1596ce74b539"}
,"D:\\carlo\\Develops\\Node.js\\incide_server\\src\\middlewares\\authorize.middleware.js": {"path":"D:\\carlo\\Develops\\Node.js\\incide_server\\src\\middlewares\\authorize.middleware.js","statementMap":{"0":{"start":{"line":3,"column":25},"end":{"line":10,"column":1}},"1":{"start":{"line":4,"column":2},"end":{"line":9,"column":4}},"2":{"start":{"line":5,"column":4},"end":{"line":7,"column":5}},"3":{"start":{"line":6,"column":6},"end":{"line":6,"column":63}},"4":{"start":{"line":8,"column":4},"end":{"line":8,"column":11}}},"fnMap":{"0":{"name":"(anonymous_0)","decl":{"start":{"line":3,"column":25},"end":{"line":3,"column":26}},"loc":{"start":{"line":3,"column":46},"end":{"line":10,"column":1}},"line":3},"1":{"name":"(anonymous_1)","decl":{"start":{"line":4,"column":9},"end":{"line":4,"column":10}},"loc":{"start":{"line":4,"column":29},"end":{"line":9,"column":3}},"line":4}},"branchMap":{"0":{"loc":{"start":{"line":5,"column":4},"end":{"line":7,"column":5}},"type":"if","locations":[{"start":{"line":5,"column":4},"end":{"line":7,"column":5}},{"start":{},"end":{}}],"line":5}},"s":{"0":3,"1":15,"2":0,"3":0,"4":0},"f":{"0":15,"1":0},"b":{"0":[0,0]},"inputSourceMap":null,"_coverageSchema":"1a1c01bbd47fc00a2c39e90264f33305004495a9","hash":"d1d459908c433d67cb9f090168af20db2074f796"}
,"D:\\carlo\\Develops\\Node.js\\incide_server\\src\\middlewares\\error.middleware.js": {"path":"D:\\carlo\\Develops\\Node.js\\incide_server\\src\\middlewares\\error.middleware.js","statementMap":{"0":{"start":{"line":1,"column":28},"end":{"line":28,"column":1}},"1":{"start":{"line":2,"column":2},"end":{"line":4,"column":3}},"2":{"start":{"line":3,"column":4},"end":{"line":3,"column":23}},"3":{"start":{"line":6,"column":17},"end":{"line":6,"column":34}},"4":{"start":{"line":7,"column":15},"end":{"line":7,"column":50}},"5":{"start":{"line":8,"column":18},"end":{"line":8,"column":55}},"6":{"start":{"line":10,"column":2},"end":{"line":27,"column":3}},"7":{"start":{"line":14,"column":4},"end":{"line":14,"column":58}},"8":{"start":{"line":17,"column":4},"end":{"line":26,"column":5}},"9":{"start":{"line":18,"column":6},"end":{"line":18,"column":54}},"10":{"start":{"line":21,"column":6},"end":{"line":21,"column":37}},"11":{"start":{"line":22,"column":6},"end":{"line":25,"column":9}}},"fnMap":{"0":{"name":"(anonymous_0)","decl":{"start":{"line":1,"column":28},"end":{"line":1,"column":29}},"loc":{"start":{"line":1,"column":53},"end":{"line":28,"column":1}},"line":1}},"branchMap":{"0":{"loc":{"start":{"line":2,"column":2},"end":{"line":4,"column":3}},"type":"if","locations":[{"start":{"line":2,"column":2},"end":{"line":4,"column":3}},{"start":{},"end":{}}],"line":2},"1":{"loc":{"start":{"line":6,"column":17},"end":{"line":6,"column":34}},"type":"binary-expr","locations":[{"start":{"line":6,"column":17},"end":{"line":6,"column":27}},{"start":{"line":6,"column":31},"end":{"line":6,"column":34}}],"line":6},"2":{"loc":{"start":{"line":7,"column":15},"end":{"line":7,"column":50}},"type":"binary-expr","locations":[{"start":{"line":7,"column":15},"end":{"line":7,"column":23}},{"start":{"line":7,"column":27},"end":{"line":7,"column":50}}],"line":7},"3":{"loc":{"start":{"line":8,"column":18},"end":{"line":8,"column":55}},"type":"binary-expr","locations":[{"start":{"line":8,"column":18},"end":{"line":8,"column":29}},{"start":{"line":8,"column":33},"end":{"line":8,"column":55}}],"line":8},"4":{"loc":{"start":{"line":10,"column":2},"end":{"line":27,"column":3}},"type":"if","locations":[{"start":{"line":10,"column":2},"end":{"line":27,"column":3}},{"start":{"line":15,"column":9},"end":{"line":27,"column":3}}],"line":10},"5":{"loc":{"start":{"line":11,"column":4},"end":{"line":12,"column":35}},"type":"binary-expr","locations":[{"start":{"line":11,"column":4},"end":{"line":11,"column":42}},{"start":{"line":12,"column":4},"end":{"line":12,"column":35}}],"line":11},"6":{"loc":{"start":{"line":17,"column":4},"end":{"line":26,"column":5}},"type":"if","locations":[{"start":{"line":17,"column":4},"end":{"line":26,"column":5}},{"start":{"line":19,"column":11},"end":{"line":26,"column":5}}],"line":17}},"s":{"0":3,"1":6,"2":0,"3":6,"4":6,"5":6,"6":6,"7":6,"8":0,"9":0,"10":0,"11":0},"f":{"0":6},"b":{"0":[0,6],"1":[6,0],"2":[6,0],"3":[6,0],"4":[6,0],"5":[6,6],"6":[0,0]},"inputSourceMap":null,"_coverageSchema":"1a1c01bbd47fc00a2c39e90264f33305004495a9","hash":"94f7b07d07e08b2a9010c4b90cb041f5cd23c37b"}
,"D:\\carlo\\Develops\\Node.js\\incide_server\\src\\modules\\auth\\auth.controller.js": {"path":"D:\\carlo\\Develops\\Node.js\\incide_server\\src\\modules\\auth\\auth.controller.js","statementMap":{"0":{"start":{"line":9,"column":24},"end":{"line":13,"column":2}},"1":{"start":{"line":10,"column":15},"end":{"line":10,"column":43}},"2":{"start":{"line":12,"column":2},"end":{"line":12,"column":39}},"3":{"start":{"line":15,"column":21},"end":{"line":19,"column":2}},"4":{"start":{"line":16,"column":16},"end":{"line":16,"column":41}},"5":{"start":{"line":18,"column":2},"end":{"line":18,"column":34}},"6":{"start":{"line":21,"column":18},"end":{"line":25,"column":2}},"7":{"start":{"line":22,"column":15},"end":{"line":22,"column":45}},"8":{"start":{"line":24,"column":2},"end":{"line":24,"column":39}},"9":{"start":{"line":27,"column":23},"end":{"line":31,"column":2}},"10":{"start":{"line":28,"column":2},"end":{"line":28,"column":32}},"11":{"start":{"line":30,"column":2},"end":{"line":30,"column":25}}},"fnMap":{"0":{"name":"(anonymous_0)","decl":{"start":{"line":9,"column":37},"end":{"line":9,"column":38}},"loc":{"start":{"line":9,"column":57},"end":{"line":13,"column":1}},"line":9},"1":{"name":"(anonymous_1)","decl":{"start":{"line":15,"column":34},"end":{"line":15,"column":35}},"loc":{"start":{"line":15,"column":54},"end":{"line":19,"column":1}},"line":15},"2":{"name":"(anonymous_2)","decl":{"start":{"line":21,"column":31},"end":{"line":21,"column":32}},"loc":{"start":{"line":21,"column":51},"end":{"line":25,"column":1}},"line":21},"3":{"name":"(anonymous_3)","decl":{"start":{"line":27,"column":36},"end":{"line":27,"column":37}},"loc":{"start":{"line":27,"column":56},"end":{"line":31,"column":1}},"line":27}},"branchMap":{},"s":{"0":3,"1":2,"2":1,"3":3,"4":6,"5":3,"6":3,"7":3,"8":2,"9":3,"10":2,"11":1},"f":{"0":2,"1":6,"2":3,"3":2},"b":{},"inputSourceMap":null,"_coverageSchema":"1a1c01bbd47fc00a2c39e90264f33305004495a9","hash":"8923451bc07d24528629719291eafdcd04ceb871"}
,"D:\\carlo\\Develops\\Node.js\\incide_server\\src\\modules\\auth\\auth.routes.js": {"path":"D:\\carlo\\Develops\\Node.js\\incide_server\\src\\modules\\auth\\auth.routes.js","statementMap":{"0":{"start":{"line":6,"column":15},"end":{"line":6,"column":23}},"1":{"start":{"line":9,"column":0},"end":{"line":9,"column":55}},"2":{"start":{"line":12,"column":0},"end":{"line":12,"column":46}},"3":{"start":{"line":15,"column":0},"end":{"line":15,"column":38}},"4":{"start":{"line":18,"column":0},"end":{"line":18,"column":55}}},"fnMap":{},"branchMap":{},"s":{"0":3,"1":3,"2":3,"3":3,"4":3},"f":{},"b":{},"inputSourceMap":null,"_coverageSchema":"1a1c01bbd47fc00a2c39e90264f33305004495a9","hash":"58088d43507a2b118af92f0539f9676f74a5c959"}
,"D:\\carlo\\Develops\\Node.js\\incide_server\\src\\modules\\auth\\auth.service.js": {"path":"D:\\carlo\\Develops\\Node.js\\incide_server\\src\\modules\\auth\\auth.service.js","statementMap":{"0":{"start":{"line":7,"column":18},"end":{"line":7,"column":28}},"1":{"start":{"line":9,"column":27},"end":{"line":16,"column":1}},"2":{"start":{"line":10,"column":15},"end":{"line":10,"column":39}},"3":{"start":{"line":11,"column":2},"end":{"line":13,"column":3}},"4":{"start":{"line":12,"column":4},"end":{"line":12,"column":67}},"5":{"start":{"line":15,"column":2},"end":{"line":15,"column":14}},"6":{"start":{"line":18,"column":28},"end":{"line":35,"column":1}},"7":{"start":{"line":24,"column":23},"end":{"line":24,"column":57}},"8":{"start":{"line":25,"column":2},"end":{"line":27,"column":3}},"9":{"start":{"line":26,"column":4},"end":{"line":26,"column":68}},"10":{"start":{"line":29,"column":2},"end":{"line":34,"column":5}},"11":{"start":{"line":37,"column":25},"end":{"line":53,"column":1}},"12":{"start":{"line":38,"column":15},"end":{"line":38,"column":49}},"13":{"start":{"line":39,"column":2},"end":{"line":41,"column":3}},"14":{"start":{"line":40,"column":4},"end":{"line":40,"column":77}},"15":{"start":{"line":43,"column":26},"end":{"line":43,"column":71}},"16":{"start":{"line":44,"column":2},"end":{"line":46,"column":3}},"17":{"start":{"line":45,"column":4},"end":{"line":45,"column":77}},"18":{"start":{"line":48,"column":2},"end":{"line":52,"column":4}},"19":{"start":{"line":56,"column":26},"end":{"line":63,"column":1}},"20":{"start":{"line":57,"column":16},"end":{"line":57,"column":40}},"21":{"start":{"line":58,"column":2},"end":{"line":60,"column":3}},"22":{"start":{"line":59,"column":4},"end":{"line":59,"column":67}},"23":{"start":{"line":62,"column":2},"end":{"line":62,"column":36}}},"fnMap":{"0":{"name":"(anonymous_0)","decl":{"start":{"line":9,"column":27},"end":{"line":9,"column":28}},"loc":{"start":{"line":9,"column":41},"end":{"line":16,"column":1}},"line":9},"1":{"name":"(anonymous_1)","decl":{"start":{"line":18,"column":28},"end":{"line":18,"column":29}},"loc":{"start":{"line":23,"column":6},"end":{"line":35,"column":1}},"line":23},"2":{"name":"(anonymous_2)","decl":{"start":{"line":37,"column":25},"end":{"line":37,"column":26}},"loc":{"start":{"line":37,"column":56},"end":{"line":53,"column":1}},"line":37},"3":{"name":"(anonymous_3)","decl":{"start":{"line":56,"column":26},"end":{"line":56,"column":27}},"loc":{"start":{"line":56,"column":40},"end":{"line":63,"column":1}},"line":56}},"branchMap":{"0":{"loc":{"start":{"line":11,"column":2},"end":{"line":13,"column":3}},"type":"if","locations":[{"start":{"line":11,"column":2},"end":{"line":13,"column":3}},{"start":{},"end":{}}],"line":11},"1":{"loc":{"start":{"line":25,"column":2},"end":{"line":27,"column":3}},"type":"if","locations":[{"start":{"line":25,"column":2},"end":{"line":27,"column":3}},{"start":{},"end":{}}],"line":25},"2":{"loc":{"start":{"line":39,"column":2},"end":{"line":41,"column":3}},"type":"if","locations":[{"start":{"line":39,"column":2},"end":{"line":41,"column":3}},{"start":{},"end":{}}],"line":39},"3":{"loc":{"start":{"line":44,"column":2},"end":{"line":46,"column":3}},"type":"if","locations":[{"start":{"line":44,"column":2},"end":{"line":46,"column":3}},{"start":{},"end":{}}],"line":44},"4":{"loc":{"start":{"line":58,"column":2},"end":{"line":60,"column":3}},"type":"if","locations":[{"start":{"line":58,"column":2},"end":{"line":60,"column":3}},{"start":{},"end":{}}],"line":58}},"s":{"0":3,"1":3,"2":3,"3":3,"4":1,"5":2,"6":3,"7":2,"8":2,"9":1,"10":1,"11":3,"12":6,"13":6,"14":2,"15":4,"16":4,"17":1,"18":3,"19":3,"20":2,"21":2,"22":1,"23":1},"f":{"0":3,"1":2,"2":6,"3":2},"b":{"0":[1,2],"1":[1,1],"2":[2,4],"3":[1,3],"4":[1,1]},"inputSourceMap":null,"_coverageSchema":"1a1c01bbd47fc00a2c39e90264f33305004495a9","hash":"e5380b5fb182c6e416c19a3d9c53b85b8b77467b"}
,"D:\\carlo\\Develops\\Node.js\\incide_server\\src\\modules\\auth\\auth.validator.js": {"path":"D:\\carlo\\Develops\\Node.js\\incide_server\\src\\modules\\auth\\auth.validator.js","statementMap":{"0":{"start":{"line":4,"column":30},"end":{"line":17,"column":1}},"1":{"start":{"line":5,"column":17},"end":{"line":5,"column":38}},"2":{"start":{"line":7,"column":2},"end":{"line":14,"column":3}},"3":{"start":{"line":8,"column":4},"end":{"line":13,"column":7}},"4":{"start":{"line":9,"column":43},"end":{"line":12,"column":7}},"5":{"start":{"line":16,"column":2},"end":{"line":16,"column":9}},"6":{"start":{"line":20,"column":34},"end":{"line":63,"column":1}},"7":{"start":{"line":55,"column":6},"end":{"line":57,"column":7}},"8":{"start":{"line":56,"column":8},"end":{"line":56,"column":56}},"9":{"start":{"line":59,"column":6},"end":{"line":59,"column":18}},"10":{"start":{"line":66,"column":31},"end":{"line":78,"column":1}}},"fnMap":{"0":{"name":"(anonymous_0)","decl":{"start":{"line":4,"column":30},"end":{"line":4,"column":31}},"loc":{"start":{"line":4,"column":50},"end":{"line":17,"column":1}},"line":4},"1":{"name":"(anonymous_1)","decl":{"start":{"line":9,"column":33},"end":{"line":9,"column":34}},"loc":{"start":{"line":9,"column":43},"end":{"line":12,"column":7}},"line":9},"2":{"name":"(anonymous_2)","decl":{"start":{"line":54,"column":12},"end":{"line":54,"column":13}},"loc":{"start":{"line":54,"column":32},"end":{"line":60,"column":5}},"line":54}},"branchMap":{"0":{"loc":{"start":{"line":7,"column":2},"end":{"line":14,"column":3}},"type":"if","locations":[{"start":{"line":7,"column":2},"end":{"line":14,"column":3}},{"start":{},"end":{}}],"line":7},"1":{"loc":{"start":{"line":55,"column":6},"end":{"line":57,"column":7}},"type":"if","locations":[{"start":{"line":55,"column":6},"end":{"line":57,"column":7}},{"start":{},"end":{}}],"line":55}},"s":{"0":3,"1":8,"2":8,"3":0,"4":0,"5":8,"6":3,"7":2,"8":0,"9":2,"10":3},"f":{"0":8,"1":0,"2":2},"b":{"0":[0,8],"1":[0,2]},"inputSourceMap":null,"_coverageSchema":"1a1c01bbd47fc00a2c39e90264f33305004495a9","hash":"edfc99d42c054604fd07b41e54ee4b2de2164ad6"}
,"D:\\carlo\\Develops\\Node.js\\incide_server\\src\\modules\\roles\\role.model.js": {"path":"D:\\carlo\\Develops\\Node.js\\incide_server\\src\\modules\\roles\\role.model.js","statementMap":{"0":{"start":{"line":4,"column":17},"end":{"line":4,"column":24}},"1":{"start":{"line":6,"column":20},"end":{"line":6,"column":28}},"2":{"start":{"line":7,"column":18},"end":{"line":7,"column":24}}},"fnMap":{},"branchMap":{},"s":{"0":3,"1":3,"2":3},"f":{},"b":{},"inputSourceMap":null,"_coverageSchema":"1a1c01bbd47fc00a2c39e90264f33305004495a9","hash":"90922d86e4b82c8ffdd6417721a1a6477e44b259"}
,"D:\\carlo\\Develops\\Node.js\\incide_server\\src\\modules\\tickets\\ticket.controller.js": {"path":"D:\\carlo\\Develops\\Node.js\\incide_server\\src\\modules\\tickets\\ticket.controller.js","statementMap":{"0":{"start":{"line":10,"column":21},"end":{"line":14,"column":2}},"1":{"start":{"line":11,"column":18},"end":{"line":11,"column":39}},"2":{"start":{"line":13,"column":2},"end":{"line":13,"column":42}},"3":{"start":{"line":16,"column":20},"end":{"line":22,"column":2}},"4":{"start":{"line":17,"column":17},"end":{"line":17,"column":27}},"5":{"start":{"line":19,"column":17},"end":{"line":19,"column":40}},"6":{"start":{"line":21,"column":2},"end":{"line":21,"column":41}},"7":{"start":{"line":24,"column":21},"end":{"line":28,"column":2}},"8":{"start":{"line":25,"column":17},"end":{"line":25,"column":58}},"9":{"start":{"line":27,"column":2},"end":{"line":27,"column":41}},"10":{"start":{"line":30,"column":22},"end":{"line":36,"column":2}},"11":{"start":{"line":31,"column":17},"end":{"line":31,"column":27}},"12":{"start":{"line":33,"column":17},"end":{"line":33,"column":49}},"13":{"start":{"line":35,"column":2},"end":{"line":35,"column":41}},"14":{"start":{"line":38,"column":23},"end":{"line":44,"column":2}},"15":{"start":{"line":39,"column":17},"end":{"line":39,"column":27}},"16":{"start":{"line":41,"column":2},"end":{"line":41,"column":25}},"17":{"start":{"line":43,"column":2},"end":{"line":43,"column":25}}},"fnMap":{"0":{"name":"(anonymous_0)","decl":{"start":{"line":10,"column":34},"end":{"line":10,"column":35}},"loc":{"start":{"line":10,"column":54},"end":{"line":14,"column":1}},"line":10},"1":{"name":"(anonymous_1)","decl":{"start":{"line":16,"column":33},"end":{"line":16,"column":34}},"loc":{"start":{"line":16,"column":53},"end":{"line":22,"column":1}},"line":16},"2":{"name":"(anonymous_2)","decl":{"start":{"line":24,"column":34},"end":{"line":24,"column":35}},"loc":{"start":{"line":24,"column":54},"end":{"line":28,"column":1}},"line":24},"3":{"name":"(anonymous_3)","decl":{"start":{"line":30,"column":35},"end":{"line":30,"column":36}},"loc":{"start":{"line":30,"column":55},"end":{"line":36,"column":1}},"line":30},"4":{"name":"(anonymous_4)","decl":{"start":{"line":38,"column":36},"end":{"line":38,"column":37}},"loc":{"start":{"line":38,"column":56},"end":{"line":44,"column":1}},"line":38}},"branchMap":{},"s":{"0":3,"1":1,"2":1,"3":3,"4":1,"5":1,"6":1,"7":3,"8":1,"9":1,"10":3,"11":1,"12":1,"13":1,"14":3,"15":1,"16":1,"17":1},"f":{"0":1,"1":1,"2":1,"3":1,"4":1},"b":{},"inputSourceMap":null,"_coverageSchema":"1a1c01bbd47fc00a2c39e90264f33305004495a9","hash":"f55d77937965973a09932128652c8ffd0c887d84"}
,"D:\\carlo\\Develops\\Node.js\\incide_server\\src\\modules\\tickets\\ticket.model.js": {"path":"D:\\carlo\\Develops\\Node.js\\incide_server\\src\\modules\\tickets\\ticket.model.js","statementMap":{"0":{"start":{"line":4,"column":17},"end":{"line":4,"column":26}},"1":{"start":{"line":5,"column":20},"end":{"line":5,"column":78}},"2":{"start":{"line":6,"column":18},"end":{"line":6,"column":32}}},"fnMap":{},"branchMap":{},"s":{"0":3,"1":3,"2":3},"f":{},"b":{},"inputSourceMap":null,"_coverageSchema":"1a1c01bbd47fc00a2c39e90264f33305004495a9","hash":"0c1bb21f764b57ec76d721b8ccb9efabbf36c1bb"}
,"D:\\carlo\\Develops\\Node.js\\incide_server\\src\\modules\\tickets\\ticket.routes.js": {"path":"D:\\carlo\\Develops\\Node.js\\incide_server\\src\\modules\\tickets\\ticket.routes.js","statementMap":{"0":{"start":{"line":10,"column":15},"end":{"line":10,"column":23}},"1":{"start":{"line":13,"column":0},"end":{"line":13,"column":39}},"2":{"start":{"line":16,"column":0},"end":{"line":16,"column":55}},"3":{"start":{"line":19,"column":0},"end":{"line":19,"column":57}},"4":{"start":{"line":22,"column":0},"end":{"line":22,"column":61}},"5":{"start":{"line":25,"column":0},"end":{"line":25,"column":61}}},"fnMap":{},"branchMap":{},"s":{"0":3,"1":3,"2":3,"3":3,"4":3,"5":3},"f":{},"b":{},"inputSourceMap":null,"_coverageSchema":"1a1c01bbd47fc00a2c39e90264f33305004495a9","hash":"f3765d88b819092d70e0323b1b34c1c1b17120df"}
,"D:\\carlo\\Develops\\Node.js\\incide_server\\src\\modules\\tickets\\ticket.service.js": {"path":"D:\\carlo\\Develops\\Node.js\\incide_server\\src\\modules\\tickets\\ticket.service.js","statementMap":{"0":{"start":{"line":4,"column":20},"end":{"line":4,"column":32}},"1":{"start":{"line":6,"column":29},"end":{"line":8,"column":1}},"2":{"start":{"line":7,"column":2},"end":{"line":7,"column":27}},"3":{"start":{"line":10,"column":29},"end":{"line":17,"column":1}},"4":{"start":{"line":11,"column":17},"end":{"line":11,"column":43}},"5":{"start":{"line":12,"column":2},"end":{"line":14,"column":3}},"6":{"start":{"line":13,"column":4},"end":{"line":13,"column":67}},"7":{"start":{"line":16,"column":2},"end":{"line":16,"column":16}},"8":{"start":{"line":19,"column":28},"end":{"line":25,"column":1}},"9":{"start":{"line":20,"column":2},"end":{"line":24,"column":5}},"10":{"start":{"line":27,"column":28},"end":{"line":34,"column":1}},"11":{"start":{"line":28,"column":16},"end":{"line":28,"column":42}},"12":{"start":{"line":29,"column":2},"end":{"line":31,"column":3}},"13":{"start":{"line":30,"column":4},"end":{"line":30,"column":67}},"14":{"start":{"line":33,"column":2},"end":{"line":33,"column":44}},"15":{"start":{"line":36,"column":28},"end":{"line":43,"column":1}},"16":{"start":{"line":37,"column":17},"end":{"line":37,"column":43}},"17":{"start":{"line":38,"column":2},"end":{"line":40,"column":3}},"18":{"start":{"line":39,"column":4},"end":{"line":39,"column":67}},"19":{"start":{"line":42,"column":2},"end":{"line":42,"column":38}}},"fnMap":{"0":{"name":"(anonymous_0)","decl":{"start":{"line":6,"column":29},"end":{"line":6,"column":30}},"loc":{"start":{"line":6,"column":41},"end":{"line":8,"column":1}},"line":6},"1":{"name":"(anonymous_1)","decl":{"start":{"line":10,"column":29},"end":{"line":10,"column":30}},"loc":{"start":{"line":10,"column":43},"end":{"line":17,"column":1}},"line":10},"2":{"name":"(anonymous_2)","decl":{"start":{"line":19,"column":28},"end":{"line":19,"column":29}},"loc":{"start":{"line":19,"column":74},"end":{"line":25,"column":1}},"line":19},"3":{"name":"(anonymous_3)","decl":{"start":{"line":27,"column":28},"end":{"line":27,"column":29}},"loc":{"start":{"line":27,"column":48},"end":{"line":34,"column":1}},"line":27},"4":{"name":"(anonymous_4)","decl":{"start":{"line":36,"column":28},"end":{"line":36,"column":29}},"loc":{"start":{"line":36,"column":42},"end":{"line":43,"column":1}},"line":36}},"branchMap":{"0":{"loc":{"start":{"line":12,"column":2},"end":{"line":14,"column":3}},"type":"if","locations":[{"start":{"line":12,"column":2},"end":{"line":14,"column":3}},{"start":{},"end":{}}],"line":12},"1":{"loc":{"start":{"line":29,"column":2},"end":{"line":31,"column":3}},"type":"if","locations":[{"start":{"line":29,"column":2},"end":{"line":31,"column":3}},{"start":{},"end":{}}],"line":29},"2":{"loc":{"start":{"line":38,"column":2},"end":{"line":40,"column":3}},"type":"if","locations":[{"start":{"line":38,"column":2},"end":{"line":40,"column":3}},{"start":{},"end":{}}],"line":38}},"s":{"0":3,"1":3,"2":1,"3":3,"4":1,"5":1,"6":0,"7":1,"8":3,"9":1,"10":3,"11":1,"12":1,"13":0,"14":1,"15":3,"16":1,"17":1,"18":0,"19":1},"f":{"0":1,"1":1,"2":1,"3":1,"4":1},"b":{"0":[0,1],"1":[0,1],"2":[0,1]},"inputSourceMap":null,"_coverageSchema":"1a1c01bbd47fc00a2c39e90264f33305004495a9","hash":"9c141cd8600b3473d4843ab87340206148c42d98"}
,"D:\\carlo\\Develops\\Node.js\\incide_server\\src\\modules\\tickets\\ticket.validator.js": {"path":"D:\\carlo\\Develops\\Node.js\\incide_server\\src\\modules\\tickets\\ticket.validator.js","statementMap":{"0":{"start":{"line":4,"column":30},"end":{"line":17,"column":1}},"1":{"start":{"line":5,"column":17},"end":{"line":5,"column":38}},"2":{"start":{"line":7,"column":2},"end":{"line":14,"column":3}},"3":{"start":{"line":8,"column":4},"end":{"line":13,"column":7}},"4":{"start":{"line":9,"column":43},"end":{"line":12,"column":7}},"5":{"start":{"line":16,"column":2},"end":{"line":16,"column":9}},"6":{"start":{"line":19,"column":28},"end":{"line":23,"column":1}},"7":{"start":{"line":25,"column":31},"end":{"line":41,"column":1}},"8":{"start":{"line":43,"column":32},"end":{"line":63,"column":1}}},"fnMap":{"0":{"name":"(anonymous_0)","decl":{"start":{"line":4,"column":30},"end":{"line":4,"column":31}},"loc":{"start":{"line":4,"column":50},"end":{"line":17,"column":1}},"line":4},"1":{"name":"(anonymous_1)","decl":{"start":{"line":9,"column":33},"end":{"line":9,"column":34}},"loc":{"start":{"line":9,"column":43},"end":{"line":12,"column":7}},"line":9}},"branchMap":{"0":{"loc":{"start":{"line":7,"column":2},"end":{"line":14,"column":3}},"type":"if","locations":[{"start":{"line":7,"column":2},"end":{"line":14,"column":3}},{"start":{},"end":{}}],"line":7}},"s":{"0":3,"1":5,"2":5,"3":0,"4":0,"5":5,"6":3,"7":3,"8":3},"f":{"0":5,"1":0},"b":{"0":[0,5]},"inputSourceMap":null,"_coverageSchema":"1a1c01bbd47fc00a2c39e90264f33305004495a9","hash":"0e6c12252f7e8348a01069339e06ba1587548473"}
,"D:\\carlo\\Develops\\Node.js\\incide_server\\src\\modules\\users\\user.controller.js": {"path":"D:\\carlo\\Develops\\Node.js\\incide_server\\src\\modules\\users\\user.controller.js","statementMap":{"0":{"start":{"line":10,"column":21},"end":{"line":14,"column":2}},"1":{"start":{"line":11,"column":16},"end":{"line":11,"column":35}},"2":{"start":{"line":13,"column":2},"end":{"line":13,"column":40}},"3":{"start":{"line":16,"column":20},"end":{"line":22,"column":2}},"4":{"start":{"line":17,"column":17},"end":{"line":17,"column":27}},"5":{"start":{"line":19,"column":15},"end":{"line":19,"column":36}},"6":{"start":{"line":21,"column":2},"end":{"line":21,"column":39}},"7":{"start":{"line":24,"column":21},"end":{"line":28,"column":2}},"8":{"start":{"line":25,"column":15},"end":{"line":25,"column":41}},"9":{"start":{"line":27,"column":2},"end":{"line":27,"column":39}},"10":{"start":{"line":30,"column":22},"end":{"line":36,"column":2}},"11":{"start":{"line":31,"column":17},"end":{"line":31,"column":27}},"12":{"start":{"line":33,"column":15},"end":{"line":33,"column":45}},"13":{"start":{"line":35,"column":2},"end":{"line":35,"column":39}},"14":{"start":{"line":38,"column":23},"end":{"line":44,"column":2}},"15":{"start":{"line":39,"column":17},"end":{"line":39,"column":27}},"16":{"start":{"line":41,"column":2},"end":{"line":41,"column":23}},"17":{"start":{"line":43,"column":2},"end":{"line":43,"column":25}}},"fnMap":{"0":{"name":"(anonymous_0)","decl":{"start":{"line":10,"column":34},"end":{"line":10,"column":35}},"loc":{"start":{"line":10,"column":54},"end":{"line":14,"column":1}},"line":10},"1":{"name":"(anonymous_1)","decl":{"start":{"line":16,"column":33},"end":{"line":16,"column":34}},"loc":{"start":{"line":16,"column":53},"end":{"line":22,"column":1}},"line":16},"2":{"name":"(anonymous_2)","decl":{"start":{"line":24,"column":34},"end":{"line":24,"column":35}},"loc":{"start":{"line":24,"column":54},"end":{"line":28,"column":1}},"line":24},"3":{"name":"(anonymous_3)","decl":{"start":{"line":30,"column":35},"end":{"line":30,"column":36}},"loc":{"start":{"line":30,"column":55},"end":{"line":36,"column":1}},"line":30},"4":{"name":"(anonymous_4)","decl":{"start":{"line":38,"column":36},"end":{"line":38,"column":37}},"loc":{"start":{"line":38,"column":56},"end":{"line":44,"column":1}},"line":38}},"branchMap":{},"s":{"0":3,"1":0,"2":0,"3":3,"4":0,"5":0,"6":0,"7":3,"8":0,"9":0,"10":3,"11":0,"12":0,"13":0,"14":3,"15":0,"16":0,"17":0},"f":{"0":0,"1":0,"2":0,"3":0,"4":0},"b":{},"inputSourceMap":null,"_coverageSchema":"1a1c01bbd47fc00a2c39e90264f33305004495a9","hash":"5c492ea2e074e9a35428e84a43ace8c7abe22b28"}
,"D:\\carlo\\Develops\\Node.js\\incide_server\\src\\modules\\users\\user.model.js": {"path":"D:\\carlo\\Develops\\Node.js\\incide_server\\src\\modules\\users\\user.model.js","statementMap":{"0":{"start":{"line":4,"column":17},"end":{"line":4,"column":24}},"1":{"start":{"line":6,"column":20},"end":{"line":13,"column":3}},"2":{"start":{"line":14,"column":18},"end":{"line":14,"column":41}},"3":{"start":{"line":17,"column":16},"end":{"line":21,"column":5}},"4":{"start":{"line":22,"column":19},"end":{"line":22,"column":45}},"5":{"start":{"line":23,"column":4},"end":{"line":23,"column":30}},"6":{"start":{"line":27,"column":16},"end":{"line":32,"column":5}},"7":{"start":{"line":33,"column":19},"end":{"line":33,"column":51}},"8":{"start":{"line":34,"column":19},"end":{"line":34,"column":37}},"9":{"start":{"line":35,"column":4},"end":{"line":35,"column":29}},"10":{"start":{"line":39,"column":16},"end":{"line":43,"column":5}},"11":{"start":{"line":44,"column":21},"end":{"line":44,"column":56}},"12":{"start":{"line":45,"column":4},"end":{"line":45,"column":29}}},"fnMap":{"0":{"name":"(anonymous_0)","decl":{"start":{"line":16,"column":2},"end":{"line":16,"column":3}},"loc":{"start":{"line":16,"column":14},"end":{"line":24,"column":3}},"line":16},"1":{"name":"(anonymous_1)","decl":{"start":{"line":26,"column":2},"end":{"line":26,"column":3}},"loc":{"start":{"line":26,"column":17},"end":{"line":36,"column":3}},"line":26},"2":{"name":"(anonymous_2)","decl":{"start":{"line":38,"column":2},"end":{"line":38,"column":3}},"loc":{"start":{"line":38,"column":27},"end":{"line":46,"column":3}},"line":38}},"branchMap":{"0":{"loc":{"start":{"line":35,"column":11},"end":{"line":35,"column":28}},"type":"binary-expr","locations":[{"start":{"line":35,"column":11},"end":{"line":35,"column":20}},{"start":{"line":35,"column":24},"end":{"line":35,"column":28}}],"line":35},"1":{"loc":{"start":{"line":45,"column":11},"end":{"line":45,"column":28}},"type":"binary-expr","locations":[{"start":{"line":45,"column":11},"end":{"line":45,"column":20}},{"start":{"line":45,"column":24},"end":{"line":45,"column":28}}],"line":45}},"s":{"0":3,"1":3,"2":3,"3":0,"4":0,"5":0,"6":6,"7":6,"8":6,"9":6,"10":8,"11":8,"12":8},"f":{"0":0,"1":6,"2":8},"b":{"0":[6,2],"1":[8,3]},"inputSourceMap":null,"_coverageSchema":"1a1c01bbd47fc00a2c39e90264f33305004495a9","hash":"ed11be06ca0f4201a0c30b2de97531100add4e68"}
,"D:\\carlo\\Develops\\Node.js\\incide_server\\src\\modules\\users\\user.routes.js": {"path":"D:\\carlo\\Develops\\Node.js\\incide_server\\src\\modules\\users\\user.routes.js","statementMap":{"0":{"start":{"line":11,"column":15},"end":{"line":11,"column":23}},"1":{"start":{"line":14,"column":0},"end":{"line":14,"column":53}},"2":{"start":{"line":17,"column":0},"end":{"line":17,"column":69}},"3":{"start":{"line":20,"column":0},"end":{"line":20,"column":71}},"4":{"start":{"line":23,"column":0},"end":{"line":23,"column":75}},"5":{"start":{"line":26,"column":0},"end":{"line":26,"column":75}}},"fnMap":{},"branchMap":{},"s":{"0":3,"1":3,"2":3,"3":3,"4":3,"5":3},"f":{},"b":{},"inputSourceMap":null,"_coverageSchema":"1a1c01bbd47fc00a2c39e90264f33305004495a9","hash":"da77ef278aa86e0b51c98bf16411275c0828049f"}
,"D:\\carlo\\Develops\\Node.js\\incide_server\\src\\modules\\users\\user.service.js": {"path":"D:\\carlo\\Develops\\Node.js\\incide_server\\src\\modules\\users\\user.service.js","statementMap":{"0":{"start":{"line":6,"column":18},"end":{"line":6,"column":28}},"1":{"start":{"line":7,"column":18},"end":{"line":7,"column":28}},"2":{"start":{"line":9,"column":27},"end":{"line":11,"column":1}},"3":{"start":{"line":10,"column":2},"end":{"line":10,"column":25}},"4":{"start":{"line":13,"column":27},"end":{"line":20,"column":1}},"5":{"start":{"line":14,"column":15},"end":{"line":14,"column":39}},"6":{"start":{"line":15,"column":2},"end":{"line":17,"column":3}},"7":{"start":{"line":16,"column":4},"end":{"line":16,"column":67}},"8":{"start":{"line":19,"column":2},"end":{"line":19,"column":14}},"9":{"start":{"line":22,"column":26},"end":{"line":41,"column":1}},"10":{"start":{"line":29,"column":15},"end":{"line":29,"column":49}},"11":{"start":{"line":30,"column":2},"end":{"line":32,"column":3}},"12":{"start":{"line":31,"column":4},"end":{"line":31,"column":68}},"13":{"start":{"line":34,"column":2},"end":{"line":40,"column":5}},"14":{"start":{"line":43,"column":26},"end":{"line":50,"column":1}},"15":{"start":{"line":44,"column":15},"end":{"line":44,"column":39}},"16":{"start":{"line":45,"column":2},"end":{"line":47,"column":3}},"17":{"start":{"line":46,"column":4},"end":{"line":46,"column":67}},"18":{"start":{"line":49,"column":2},"end":{"line":49,"column":42}},"19":{"start":{"line":52,"column":26},"end":{"line":59,"column":1}},"20":{"start":{"line":53,"column":15},"end":{"line":53,"column":39}},"21":{"start":{"line":54,"column":2},"end":{"line":56,"column":3}},"22":{"start":{"line":55,"column":4},"end":{"line":55,"column":67}},"23":{"start":{"line":58,"column":2},"end":{"line":58,"column":36}}},"fnMap":{"0":{"name":"(anonymous_0)","decl":{"start":{"line":9,"column":27},"end":{"line":9,"column":28}},"loc":{"start":{"line":9,"column":39},"end":{"line":11,"column":1}},"line":9},"1":{"name":"(anonymous_1)","decl":{"start":{"line":13,"column":27},"end":{"line":13,"column":28}},"loc":{"start":{"line":13,"column":41},"end":{"line":20,"column":1}},"line":13},"2":{"name":"(anonymous_2)","decl":{"start":{"line":22,"column":26},"end":{"line":22,"column":27}},"loc":{"start":{"line":28,"column":6},"end":{"line":41,"column":1}},"line":28},"3":{"name":"(anonymous_3)","decl":{"start":{"line":43,"column":26},"end":{"line":43,"column":27}},"loc":{"start":{"line":43,"column":46},"end":{"line":50,"column":1}},"line":43},"4":{"name":"(anonymous_4)","decl":{"start":{"line":52,"column":26},"end":{"line":52,"column":27}},"loc":{"start":{"line":52,"column":40},"end":{"line":59,"column":1}},"line":52}},"branchMap":{"0":{"loc":{"start":{"line":15,"column":2},"end":{"line":17,"column":3}},"type":"if","locations":[{"start":{"line":15,"column":2},"end":{"line":17,"column":3}},{"start":{},"end":{}}],"line":15},"1":{"loc":{"start":{"line":30,"column":2},"end":{"line":32,"column":3}},"type":"if","locations":[{"start":{"line":30,"column":2},"end":{"line":32,"column":3}},{"start":{},"end":{}}],"line":30},"2":{"loc":{"start":{"line":45,"column":2},"end":{"line":47,"column":3}},"type":"if","locations":[{"start":{"line":45,"column":2},"end":{"line":47,"column":3}},{"start":{},"end":{}}],"line":45},"3":{"loc":{"start":{"line":54,"column":2},"end":{"line":56,"column":3}},"type":"if","locations":[{"start":{"line":54,"column":2},"end":{"line":56,"column":3}},{"start":{},"end":{}}],"line":54}},"s":{"0":3,"1":3,"2":3,"3":0,"4":3,"5":0,"6":0,"7":0,"8":0,"9":3,"10":0,"11":0,"12":0,"13":0,"14":3,"15":0,"16":0,"17":0,"18":0,"19":3,"20":0,"21":0,"22":0,"23":0},"f":{"0":0,"1":0,"2":0,"3":0,"4":0},"b":{"0":[0,0],"1":[0,0],"2":[0,0],"3":[0,0]},"inputSourceMap":null,"_coverageSchema":"1a1c01bbd47fc00a2c39e90264f33305004495a9","hash":"da9ece47e954d36b74fdb06c763104531a9b9734"}
,"D:\\carlo\\Develops\\Node.js\\incide_server\\src\\modules\\users\\user.validator.js": {"path":"D:\\carlo\\Develops\\Node.js\\incide_server\\src\\modules\\users\\user.validator.js","statementMap":{"0":{"start":{"line":4,"column":30},"end":{"line":17,"column":1}},"1":{"start":{"line":5,"column":17},"end":{"line":5,"column":38}},"2":{"start":{"line":7,"column":2},"end":{"line":14,"column":3}},"3":{"start":{"line":8,"column":4},"end":{"line":13,"column":7}},"4":{"start":{"line":9,"column":43},"end":{"line":12,"column":7}},"5":{"start":{"line":16,"column":2},"end":{"line":16,"column":9}},"6":{"start":{"line":20,"column":28},"end":{"line":24,"column":1}},"7":{"start":{"line":26,"column":31},"end":{"line":74,"column":1}},"8":{"start":{"line":61,"column":6},"end":{"line":63,"column":7}},"9":{"start":{"line":62,"column":8},"end":{"line":62,"column":56}},"10":{"start":{"line":65,"column":6},"end":{"line":65,"column":18}},"11":{"start":{"line":76,"column":32},"end":{"line":132,"column":1}},"12":{"start":{"line":118,"column":6},"end":{"line":120,"column":7}},"13":{"start":{"line":119,"column":8},"end":{"line":119,"column":56}},"14":{"start":{"line":122,"column":6},"end":{"line":122,"column":18}}},"fnMap":{"0":{"name":"(anonymous_0)","decl":{"start":{"line":4,"column":30},"end":{"line":4,"column":31}},"loc":{"start":{"line":4,"column":50},"end":{"line":17,"column":1}},"line":4},"1":{"name":"(anonymous_1)","decl":{"start":{"line":9,"column":33},"end":{"line":9,"column":34}},"loc":{"start":{"line":9,"column":43},"end":{"line":12,"column":7}},"line":9},"2":{"name":"(anonymous_2)","decl":{"start":{"line":60,"column":12},"end":{"line":60,"column":13}},"loc":{"start":{"line":60,"column":32},"end":{"line":66,"column":5}},"line":60},"3":{"name":"(anonymous_3)","decl":{"start":{"line":117,"column":12},"end":{"line":117,"column":13}},"loc":{"start":{"line":117,"column":32},"end":{"line":123,"column":5}},"line":117}},"branchMap":{"0":{"loc":{"start":{"line":7,"column":2},"end":{"line":14,"column":3}},"type":"if","locations":[{"start":{"line":7,"column":2},"end":{"line":14,"column":3}},{"start":{},"end":{}}],"line":7},"1":{"loc":{"start":{"line":61,"column":6},"end":{"line":63,"column":7}},"type":"if","locations":[{"start":{"line":61,"column":6},"end":{"line":63,"column":7}},{"start":{},"end":{}}],"line":61},"2":{"loc":{"start":{"line":118,"column":6},"end":{"line":120,"column":7}},"type":"if","locations":[{"start":{"line":118,"column":6},"end":{"line":120,"column":7}},{"start":{},"end":{}}],"line":118}},"s":{"0":3,"1":0,"2":0,"3":0,"4":0,"5":0,"6":3,"7":3,"8":0,"9":0,"10":0,"11":3,"12":0,"13":0,"14":0},"f":{"0":0,"1":0,"2":0,"3":0},"b":{"0":[0,0],"1":[0,0],"2":[0,0]},"inputSourceMap":null,"_coverageSchema":"1a1c01bbd47fc00a2c39e90264f33305004495a9","hash":"9a26269a2db20f26ee93cc49a85ffb090d168921"}
,"D:\\carlo\\Develops\\Node.js\\incide_server\\src\\utils\\AppError.js": {"path":"D:\\carlo\\Develops\\Node.js\\incide_server\\src\\utils\\AppError.js","statementMap":{"0":{"start":{"line":3,"column":4},"end":{"line":3,"column":19}},"1":{"start":{"line":5,"column":4},"end":{"line":5,"column":21}},"2":{"start":{"line":6,"column":4},"end":{"line":6,"column":25}},"3":{"start":{"line":7,"column":4},"end":{"line":7,"column":30}},"4":{"start":{"line":9,"column":4},"end":{"line":9,"column":52}}},"fnMap":{"0":{"name":"(anonymous_0)","decl":{"start":{"line":2,"column":2},"end":{"line":2,"column":3}},"loc":{"start":{"line":2,"column":37},"end":{"line":10,"column":3}},"line":2}},"branchMap":{},"s":{"0":6,"1":6,"2":6,"3":6,"4":6},"f":{"0":6},"b":{},"inputSourceMap":null,"_coverageSchema":"1a1c01bbd47fc00a2c39e90264f33305004495a9","hash":"83d373240e26b7201e8393dd09924caa83819291"}
,"D:\\carlo\\Develops\\Node.js\\incide_server\\src\\utils\\asyncHandler.js": {"path":"D:\\carlo\\Develops\\Node.js\\incide_server\\src\\utils\\asyncHandler.js","statementMap":{"0":{"start":{"line":1,"column":21},"end":{"line":3,"column":1}},"1":{"start":{"line":1,"column":29},"end":{"line":3,"column":1}},"2":{"start":{"line":2,"column":2},"end":{"line":2,"column":50}}},"fnMap":{"0":{"name":"(anonymous_0)","decl":{"start":{"line":1,"column":21},"end":{"line":1,"column":22}},"loc":{"start":{"line":1,"column":29},"end":{"line":3,"column":1}},"line":1},"1":{"name":"(anonymous_1)","decl":{"start":{"line":1,"column":29},"end":{"line":1,"column":30}},"loc":{"start":{"line":1,"column":49},"end":{"line":3,"column":1}},"line":1}},"branchMap":{},"s":{"0":3,"1":42,"2":18},"f":{"0":42,"1":18},"b":{},"inputSourceMap":null,"_coverageSchema":"1a1c01bbd47fc00a2c39e90264f33305004495a9","hash":"af874e723726cccd6b8b1b9a1e7e5c40bf3bea13"}
}
