TN:
SF:src\app.js
FN:49,(anonymous_0)
FNF:1
FNH:1
FNDA:1,(anonymous_0)
DA:15,3
DA:18,3
DA:21,3
DA:24,3
DA:27,3
DA:43,3
DA:46,3
DA:49,3
DA:50,1
DA:54,3
DA:56,3
DA:57,3
DA:58,3
DA:61,3
LF:14
LH:14
BRF:0
BRH:0
end_of_record
TN:
SF:src\config\config.js
FNF:0
FNH:0
DA:1,3
LF:1
LH:1
BRDA:15,0,0,3
BRDA:15,0,1,3
BRDA:23,1,0,3
BRDA:23,1,1,3
BRF:4
BRH:4
end_of_record
TN:
SF:src\config\db.js
FNF:0
FNH:0
DA:4,3
LF:1
LH:1
BRF:0
BRH:0
end_of_record
TN:
SF:src\config\swagger.js
FNF:0
FNH:0
DA:4,3
DA:39,3
LF:2
LH:2
BRF:0
BRH:0
end_of_record
TN:
SF:src\core\base.model.js
FN:7,(anonymous_0)
FN:12,(anonymous_1)
FN:19,(anonymous_2)
FN:27,(anonymous_3)
FN:33,(anonymous_4)
FN:35,(anonymous_5)
FN:40,(anonymous_6)
FN:47,(anonymous_7)
FN:55,(anonymous_8)
FN:59,(anonymous_9)
FN:72,(anonymous_10)
FN:77,(anonymous_11)
FN:92,(anonymous_12)
FNF:13
FNH:13
FNDA:12,(anonymous_0)
FNDA:3,(anonymous_1)
FNDA:8,(anonymous_2)
FNDA:12,(anonymous_3)
FNDA:10,(anonymous_4)
FNDA:14,(anonymous_5)
FNDA:1,(anonymous_6)
FNDA:5,(anonymous_7)
FNDA:2,(anonymous_8)
FNDA:7,(anonymous_9)
FNDA:1,(anonymous_10)
FNDA:1,(anonymous_11)
FNDA:2,(anonymous_12)
DA:8,12
DA:9,12
DA:13,3
DA:14,3
DA:16,3
DA:19,3
DA:20,8
DA:21,8
DA:24,3
DA:28,12
DA:29,12
DA:33,12
DA:34,10
DA:35,14
DA:36,10
DA:41,1
DA:42,1
DA:44,1
DA:48,5
DA:49,5
DA:51,5
DA:52,5
DA:56,2
DA:57,2
DA:58,2
DA:59,7
DA:61,2
DA:63,2
DA:68,2
DA:69,2
DA:73,1
DA:74,1
DA:76,1
DA:77,1
DA:79,1
DA:81,1
DA:87,1
DA:89,1
DA:93,2
DA:94,2
DA:95,2
LF:41
LH:41
BRDA:14,0,0,0
BRDA:14,0,1,3
BRDA:20,1,0,8
BRDA:20,1,1,0
BRDA:29,2,0,0
BRDA:29,2,1,12
BRDA:29,3,0,12
BRDA:29,3,1,12
BRDA:52,4,0,5
BRDA:52,4,1,0
BRDA:74,5,0,0
BRDA:74,5,1,1
BRF:12
BRH:7
end_of_record
TN:
SF:src\middlewares\auth.middleware.js
FN:5,(anonymous_0)
FNF:1
FNH:1
FNDA:10,(anonymous_0)
DA:5,3
DA:6,10
DA:8,10
DA:11,10
DA:13,10
DA:14,10
DA:20,10
DA:21,10
DA:23,0
LF:9
LH:8
BRDA:8,0,0,0
BRDA:8,0,1,10
BRF:2
BRH:1
end_of_record
TN:
SF:src\middlewares\authorize.middleware.js
FN:3,(anonymous_0)
FN:4,(anonymous_1)
FNF:2
FNH:1
FNDA:15,(anonymous_0)
FNDA:0,(anonymous_1)
DA:3,3
DA:4,15
DA:5,0
DA:6,0
DA:8,0
LF:5
LH:2
BRDA:5,0,0,0
BRDA:5,0,1,0
BRF:2
BRH:0
end_of_record
TN:
SF:src\middlewares\error.middleware.js
FN:1,(anonymous_0)
FNF:1
FNH:1
FNDA:6,(anonymous_0)
DA:1,3
DA:2,6
DA:3,0
DA:6,6
DA:7,6
DA:8,6
DA:10,6
DA:14,6
DA:17,0
DA:18,0
DA:21,0
DA:22,0
LF:12
LH:7
BRDA:2,0,0,0
BRDA:2,0,1,6
BRDA:6,1,0,6
BRDA:6,1,1,0
BRDA:7,2,0,6
BRDA:7,2,1,0
BRDA:8,3,0,6
BRDA:8,3,1,0
BRDA:10,4,0,6
BRDA:10,4,1,0
BRDA:11,5,0,6
BRDA:11,5,1,6
BRDA:17,6,0,0
BRDA:17,6,1,0
BRF:14
BRH:7
end_of_record
TN:
SF:src\modules\auth\auth.controller.js
FN:9,(anonymous_0)
FN:15,(anonymous_1)
FN:21,(anonymous_2)
FN:27,(anonymous_3)
FNF:4
FNH:4
FNDA:2,(anonymous_0)
FNDA:6,(anonymous_1)
FNDA:3,(anonymous_2)
FNDA:2,(anonymous_3)
DA:9,3
DA:10,2
DA:12,1
DA:15,3
DA:16,6
DA:18,3
DA:21,3
DA:22,3
DA:24,2
DA:27,3
DA:28,2
DA:30,1
LF:12
LH:12
BRF:0
BRH:0
end_of_record
TN:
SF:src\modules\auth\auth.routes.js
FNF:0
FNH:0
DA:6,3
DA:9,3
DA:12,3
DA:15,3
DA:18,3
LF:5
LH:5
BRF:0
BRH:0
end_of_record
TN:
SF:src\modules\auth\auth.service.js
FN:9,(anonymous_0)
FN:18,(anonymous_1)
FN:37,(anonymous_2)
FN:56,(anonymous_3)
FNF:4
FNH:4
FNDA:3,(anonymous_0)
FNDA:2,(anonymous_1)
FNDA:6,(anonymous_2)
FNDA:2,(anonymous_3)
DA:7,3
DA:9,3
DA:10,3
DA:11,3
DA:12,1
DA:15,2
DA:18,3
DA:24,2
DA:25,2
DA:26,1
DA:29,1
DA:37,3
DA:38,6
DA:39,6
DA:40,2
DA:43,4
DA:44,4
DA:45,1
DA:48,3
DA:56,3
DA:57,2
DA:58,2
DA:59,1
DA:62,1
LF:24
LH:24
BRDA:11,0,0,1
BRDA:11,0,1,2
BRDA:25,1,0,1
BRDA:25,1,1,1
BRDA:39,2,0,2
BRDA:39,2,1,4
BRDA:44,3,0,1
BRDA:44,3,1,3
BRDA:58,4,0,1
BRDA:58,4,1,1
BRF:10
BRH:10
end_of_record
TN:
SF:src\modules\auth\auth.validator.js
FN:4,(anonymous_0)
FN:9,(anonymous_1)
FN:54,(anonymous_2)
FNF:3
FNH:2
FNDA:8,(anonymous_0)
FNDA:0,(anonymous_1)
FNDA:2,(anonymous_2)
DA:4,3
DA:5,8
DA:7,8
DA:8,0
DA:9,0
DA:16,8
DA:20,3
DA:55,2
DA:56,0
DA:59,2
DA:66,3
LF:11
LH:8
BRDA:7,0,0,0
BRDA:7,0,1,8
BRDA:55,1,0,0
BRDA:55,1,1,2
BRF:4
BRH:2
end_of_record
TN:
SF:src\modules\roles\role.model.js
FNF:0
FNH:0
DA:4,3
DA:6,3
DA:7,3
LF:3
LH:3
BRF:0
BRH:0
end_of_record
TN:
SF:src\modules\tickets\ticket.controller.js
FN:10,(anonymous_0)
FN:16,(anonymous_1)
FN:24,(anonymous_2)
FN:30,(anonymous_3)
FN:38,(anonymous_4)
FNF:5
FNH:5
FNDA:1,(anonymous_0)
FNDA:1,(anonymous_1)
FNDA:1,(anonymous_2)
FNDA:1,(anonymous_3)
FNDA:1,(anonymous_4)
DA:10,3
DA:11,1
DA:13,1
DA:16,3
DA:17,1
DA:19,1
DA:21,1
DA:24,3
DA:25,1
DA:27,1
DA:30,3
DA:31,1
DA:33,1
DA:35,1
DA:38,3
DA:39,1
DA:41,1
DA:43,1
LF:18
LH:18
BRF:0
BRH:0
end_of_record
TN:
SF:src\modules\tickets\ticket.model.js
FNF:0
FNH:0
DA:4,3
DA:5,3
DA:6,3
LF:3
LH:3
BRF:0
BRH:0
end_of_record
TN:
SF:src\modules\tickets\ticket.routes.js
FNF:0
FNH:0
DA:10,3
DA:13,3
DA:16,3
DA:19,3
DA:22,3
DA:25,3
LF:6
LH:6
BRF:0
BRH:0
end_of_record
TN:
SF:src\modules\tickets\ticket.service.js
FN:6,(anonymous_0)
FN:10,(anonymous_1)
FN:19,(anonymous_2)
FN:27,(anonymous_3)
FN:36,(anonymous_4)
FNF:5
FNH:5
FNDA:1,(anonymous_0)
FNDA:1,(anonymous_1)
FNDA:1,(anonymous_2)
FNDA:1,(anonymous_3)
FNDA:1,(anonymous_4)
DA:4,3
DA:6,3
DA:7,1
DA:10,3
DA:11,1
DA:12,1
DA:13,0
DA:16,1
DA:19,3
DA:20,1
DA:27,3
DA:28,1
DA:29,1
DA:30,0
DA:33,1
DA:36,3
DA:37,1
DA:38,1
DA:39,0
DA:42,1
LF:20
LH:17
BRDA:12,0,0,0
BRDA:12,0,1,1
BRDA:29,1,0,0
BRDA:29,1,1,1
BRDA:38,2,0,0
BRDA:38,2,1,1
BRF:6
BRH:3
end_of_record
TN:
SF:src\modules\tickets\ticket.validator.js
FN:4,(anonymous_0)
FN:9,(anonymous_1)
FNF:2
FNH:1
FNDA:5,(anonymous_0)
FNDA:0,(anonymous_1)
DA:4,3
DA:5,5
DA:7,5
DA:8,0
DA:9,0
DA:16,5
DA:19,3
DA:25,3
DA:43,3
LF:9
LH:7
BRDA:7,0,0,0
BRDA:7,0,1,5
BRF:2
BRH:1
end_of_record
TN:
SF:src\modules\users\user.controller.js
FN:10,(anonymous_0)
FN:16,(anonymous_1)
FN:24,(anonymous_2)
FN:30,(anonymous_3)
FN:38,(anonymous_4)
FNF:5
FNH:0
FNDA:0,(anonymous_0)
FNDA:0,(anonymous_1)
FNDA:0,(anonymous_2)
FNDA:0,(anonymous_3)
FNDA:0,(anonymous_4)
DA:10,3
DA:11,0
DA:13,0
DA:16,3
DA:17,0
DA:19,0
DA:21,0
DA:24,3
DA:25,0
DA:27,0
DA:30,3
DA:31,0
DA:33,0
DA:35,0
DA:38,3
DA:39,0
DA:41,0
DA:43,0
LF:18
LH:5
BRF:0
BRH:0
end_of_record
TN:
SF:src\modules\users\user.model.js
FN:16,(anonymous_0)
FN:26,(anonymous_1)
FN:38,(anonymous_2)
FNF:3
FNH:2
FNDA:0,(anonymous_0)
FNDA:6,(anonymous_1)
FNDA:8,(anonymous_2)
DA:4,3
DA:6,3
DA:14,3
DA:17,0
DA:22,0
DA:23,0
DA:27,6
DA:33,6
DA:34,6
DA:35,6
DA:39,8
DA:44,8
DA:45,8
LF:13
LH:10
BRDA:35,0,0,6
BRDA:35,0,1,2
BRDA:45,1,0,8
BRDA:45,1,1,3
BRF:4
BRH:4
end_of_record
TN:
SF:src\modules\users\user.routes.js
FNF:0
FNH:0
DA:11,3
DA:14,3
DA:17,3
DA:20,3
DA:23,3
DA:26,3
LF:6
LH:6
BRF:0
BRH:0
end_of_record
TN:
SF:src\modules\users\user.service.js
FN:9,(anonymous_0)
FN:13,(anonymous_1)
FN:22,(anonymous_2)
FN:43,(anonymous_3)
FN:52,(anonymous_4)
FNF:5
FNH:0
FNDA:0,(anonymous_0)
FNDA:0,(anonymous_1)
FNDA:0,(anonymous_2)
FNDA:0,(anonymous_3)
FNDA:0,(anonymous_4)
DA:6,3
DA:7,3
DA:9,3
DA:10,0
DA:13,3
DA:14,0
DA:15,0
DA:16,0
DA:19,0
DA:22,3
DA:29,0
DA:30,0
DA:31,0
DA:34,0
DA:43,3
DA:44,0
DA:45,0
DA:46,0
DA:49,0
DA:52,3
DA:53,0
DA:54,0
DA:55,0
DA:58,0
LF:24
LH:7
BRDA:15,0,0,0
BRDA:15,0,1,0
BRDA:30,1,0,0
BRDA:30,1,1,0
BRDA:45,2,0,0
BRDA:45,2,1,0
BRDA:54,3,0,0
BRDA:54,3,1,0
BRF:8
BRH:0
end_of_record
TN:
SF:src\modules\users\user.validator.js
FN:4,(anonymous_0)
FN:9,(anonymous_1)
FN:60,(anonymous_2)
FN:117,(anonymous_3)
FNF:4
FNH:0
FNDA:0,(anonymous_0)
FNDA:0,(anonymous_1)
FNDA:0,(anonymous_2)
FNDA:0,(anonymous_3)
DA:4,3
DA:5,0
DA:7,0
DA:8,0
DA:9,0
DA:16,0
DA:20,3
DA:26,3
DA:61,0
DA:62,0
DA:65,0
DA:76,3
DA:118,0
DA:119,0
DA:122,0
LF:15
LH:4
BRDA:7,0,0,0
BRDA:7,0,1,0
BRDA:61,1,0,0
BRDA:61,1,1,0
BRDA:118,2,0,0
BRDA:118,2,1,0
BRF:6
BRH:0
end_of_record
TN:
SF:src\utils\AppError.js
FN:2,(anonymous_0)
FNF:1
FNH:1
FNDA:6,(anonymous_0)
DA:3,6
DA:5,6
DA:6,6
DA:7,6
DA:9,6
LF:5
LH:5
BRF:0
BRH:0
end_of_record
TN:
SF:src\utils\asyncHandler.js
FN:1,(anonymous_0)
FN:1,(anonymous_1)
FNF:2
FNH:2
FNDA:42,(anonymous_0)
FNDA:18,(anonymous_1)
DA:1,42
DA:2,18
LF:2
LH:2
BRF:0
BRH:0
end_of_record
